<?xml version="1.0" encoding="UTF-8"?>
<testng-results ignored="0" total="1" passed="1" failed="0" skipped="0">
  <reporter-output>
    <line>
      <![CDATA[login]]>
    </line>
    <line>
      <![CDATA[logOut]]>
    </line>
    <line>
      <![CDATA[closeBrowser]]>
    </line>
  </reporter-output>
  <suite started-at="2025-05-21T22:27:58 IST" name="Default suite" finished-at="2025-05-21T22:28:20 IST" duration-ms="22132">
    <groups>
    </groups>
    <test started-at="2025-05-21T22:27:58 IST" name="Default test" finished-at="2025-05-21T22:28:20 IST" duration-ms="22132">
      <class name="com.kasua.testscript.CampaignModule">
        <test-method is-config="true" signature="openBrowser()[pri:0, instance:com.kasua.testscript.CampaignModule@7d8704ef]" started-at="2025-05-21T22:27:58 IST" name="openBrowser" finished-at="2025-05-21T22:28:00 IST" duration-ms="2172" status="PASS">
          <reporter-output>
          </reporter-output>
        </test-method> <!-- openBrowser -->
        <test-method is-config="true" signature="login()[pri:0, instance:com.kasua.testscript.CampaignModule@7d8704ef]" started-at="2025-05-21T22:28:00 IST" name="login" finished-at="2025-05-21T22:28:03 IST" duration-ms="2803" status="PASS">
          <reporter-output>
            <line>
              <![CDATA[login]]>
            </line>
          </reporter-output>
        </test-method> <!-- login -->
        <test-method signature="createCampaign()[pri:0, instance:com.kasua.testscript.CampaignModule@7d8704ef]" started-at="2025-05-21T22:28:03 IST" name="createCampaign" finished-at="2025-05-21T22:28:18 IST" duration-ms="14824" status="PASS">
          <reporter-output>
          </reporter-output>
        </test-method> <!-- createCampaign -->
        <test-method is-config="true" signature="logOut()[pri:0, instance:com.kasua.testscript.CampaignModule@7d8704ef]" started-at="2025-05-21T22:28:18 IST" name="logOut" finished-at="2025-05-21T22:28:18 IST" duration-ms="428" status="PASS">
          <reporter-output>
            <line>
              <![CDATA[logOut]]>
            </line>
          </reporter-output>
        </test-method> <!-- logOut -->
        <test-method is-config="true" signature="closeBrowser()[pri:0, instance:com.kasua.testscript.CampaignModule@7d8704ef]" started-at="2025-05-21T22:28:18 IST" name="closeBrowser" finished-at="2025-05-21T22:28:20 IST" duration-ms="1720" status="PASS">
          <reporter-output>
            <line>
              <![CDATA[closeBrowser]]>
            </line>
          </reporter-output>
        </test-method> <!-- closeBrowser -->
      </class> <!-- com.kasua.testscript.CampaignModule -->
    </test> <!-- Default test -->
  </suite> <!-- Default suite -->
</testng-results>
